<?xml version="1.0" encoding="UTF-8"?>
<testsuites name="jest tests" tests="2" failures="0" errors="0" time="2.429">
  <testsuite name="src/__tests__/main.test.js" errors="0" failures="0" skipped="1" timestamp="2024-09-23T18:49:19" time="2.054" tests="2">
    <testcase classname="" name="should select and unselect multiple words" time="0">
      <skipped/>
    </testcase>
    <testcase classname="" name="annotates selected words with correct intent and reset works" time="0.095">
    </testcase>
  </testsuite>
</testsuites>